nohup: LANG=zn: No such file or directory
nohup: LANG=zn: No such file or directory
nohup: LANG=zn: No such file or directory
nohup: LANG=zh: No such file or directory
[I 10:05:53.612 NotebookApp] Serving notebooks from local directory: /Users/bole/work/MyPython
[I 10:05:53.612 NotebookApp] The Jupyter Notebook is running at:
[I 10:05:53.612 NotebookApp] http://localhost:8888/?token=2869a0a2cdb3d6ed43bc125a9743731d3ffb0fb2e4cf1338
[I 10:05:53.612 NotebookApp] Use Control-C to stop this server and shut down all kernels (twice to skip confirmation).
[C 10:05:53.616 NotebookApp] 
    
    To access the notebook, open this file in a browser:
        file:///Users/bole/Library/Jupyter/runtime/nbserver-29957-open.html
    Or copy and paste one of these URLs:
        http://localhost:8888/?token=2869a0a2cdb3d6ed43bc125a9743731d3ffb0fb2e4cf1338
[E 10:05:55.481 NotebookApp] Could not open static file ''
[W 10:05:55.671 NotebookApp] 404 GET /static/components/react/react-dom.production.min.js (::1) 72.26ms referer=http://localhost:8888/tree?token=2869a0a2cdb3d6ed43bc125a9743731d3ffb0fb2e4cf1338
[W 10:06:04.030 NotebookApp] 404 GET /static/components/react/react-dom.production.min.js (::1) 2.68ms referer=http://localhost:8888/notebooks/python%E5%AD%A6%E4%B9%A0%E6%89%8B%E5%86%8C/%E5%85%83%E7%BB%84%E5%92%8C%E6%96%87%E4%BB%B6.ipynb
[W 10:06:04.117 NotebookApp] 404 GET /static/components/react/react-dom.production.min.js (::1) 2.32ms referer=http://localhost:8888/notebooks/python%E5%AD%A6%E4%B9%A0%E6%89%8B%E5%86%8C/%E5%85%83%E7%BB%84%E5%92%8C%E6%96%87%E4%BB%B6.ipynb
[I 10:06:04.804 NotebookApp] Kernel started: 5c0a199b-55d9-4f2c-a7c3-dbcdbdc0e5f3
[I 10:06:05.872 NotebookApp] Adapting to protocol v5.1 for kernel 5c0a199b-55d9-4f2c-a7c3-dbcdbdc0e5f3
[I 18:38:44.611 NotebookApp] Starting buffering for 5c0a199b-55d9-4f2c-a7c3-dbcdbdc0e5f3:db47137febc644f3bef85b4d7aef8fd6
[I 18:38:45.750 NotebookApp] Adapting to protocol v5.1 for kernel 5c0a199b-55d9-4f2c-a7c3-dbcdbdc0e5f3
[I 18:38:45.751 NotebookApp] Restoring connection for 5c0a199b-55d9-4f2c-a7c3-dbcdbdc0e5f3:db47137febc644f3bef85b4d7aef8fd6
[I 18:33:24.053 NotebookApp] Starting buffering for 5c0a199b-55d9-4f2c-a7c3-dbcdbdc0e5f3:db47137febc644f3bef85b4d7aef8fd6
[I 18:33:25.330 NotebookApp] Adapting to protocol v5.1 for kernel 5c0a199b-55d9-4f2c-a7c3-dbcdbdc0e5f3
[I 18:33:25.337 NotebookApp] Restoring connection for 5c0a199b-55d9-4f2c-a7c3-dbcdbdc0e5f3:db47137febc644f3bef85b4d7aef8fd6
